<?xml version="1.0" encoding="UTF-8" ?>
<testsuite tests="7" failures="0" name="controllertest.GentouTest" time="1.187" errors="0" skipped="0">
  <properties>
[...]
</properties>
  <testcase classname="controllertest.GentouTest" name="test103" time="0.246"/>
  <testcase classname="controllertest.GentouTest" name="test106" time="0.008"/>
  <testcase classname="controllertest.GentouTest" name="test107" time="0.003"/>
  <testcase classname="controllertest.GentouTest" name="yao" time="0.009"/>
  <testcase classname="controllertest.GentouTest" name="test1" time="0.063"/>
  <testcase classname="controllertest.GentouTest" name="test2" time="0.85"/>
  <testcase classname="controllertest.GentouTest" name="test6" time="0.008"/>
</testsuite>